Unity Editor version:    2020.3.28f1 (f5400f52e03f)
Branch:                  2020.3/staging
Build type:              Release
Batch mode:              YES
macOS version:           Version 11.6 (Build 20G165)
Darwin version:          20.6.0
Architecture:            x86_64
Running under Rosetta:   NO
Available memory:        16384 MB
Using pre-set license
Pro License: NO

COMMAND LINE ARGUMENTS:
/Applications/Unity/Hub/Editor/2020.3.28f1/Unity.app/Contents/MacOS/Unity
-adb2
-batchMode
-noUpm
-name
AssetImportWorker0
-projectPath
/Users/Alumne_1/Documents/GitHub/TareaAA3_Anna-Serra/SunnyLandProject
-logFile
Logs/AssetImportWorker0.log
-srvPort
61494
Successfully changed project path to: /Users/Alumne_1/Documents/GitHub/TareaAA3_Anna-Serra/SunnyLandProject
/Users/Alumne_1/Documents/GitHub/TareaAA3_Anna-Serra/SunnyLandProject
Using Asset Import Pipeline V2.
Refreshing native plugins compatible for Editor in 41.52 ms, found 2 plugins.
Preloading 0 native plugins for Editor in 0.00 ms.
Initialize engine version: 2020.3.28f1 (f5400f52e03f)
[Subsystems] Discovering subsystems at path /Applications/Unity/Hub/Editor/2020.3.28f1/Unity.app/Contents/Resources/UnitySubsystems
[Subsystems] Discovering subsystems at path /Users/Alumne_1/Documents/GitHub/TareaAA3_Anna-Serra/SunnyLandProject/Assets
GfxDevice: creating device client; threaded=0
2022-04-27 14:53:39.050 Unity[62836:778944] iMac preferred device: AMD Radeon Pro 555X (high power)
2022-04-27 14:53:39.050 Unity[62836:778944] Metal devices available: 1
2022-04-27 14:53:39.050 Unity[62836:778944] 0: AMD Radeon Pro 555X (high power)
2022-04-27 14:53:39.051 Unity[62836:778944] Using device AMD Radeon Pro 555X (high power)
Initializing Metal device caps: AMD Radeon Pro 555X
Initialize mono
Mono path[0] = '/Applications/Unity/Hub/Editor/2020.3.28f1/Unity.app/Contents/Managed'
Mono path[1] = '/Applications/Unity/Hub/Editor/2020.3.28f1/Unity.app/Contents/MonoBleedingEdge/lib/mono/unityjit'
Mono config path = '/Applications/Unity/Hub/Editor/2020.3.28f1/Unity.app/Contents/MonoBleedingEdge/etc'
Using monoOptions --debugger-agent=transport=dt_socket,embedding=1,server=y,suspend=n,address=127.0.0.1:56836
Begin MonoManager ReloadAssembly
Registering precompiled unity dll's ...
Register platform support module: /Applications/Unity/Hub/Editor/2020.3.28f1/Unity.app/Contents/PlaybackEngines/MacStandaloneSupport/UnityEditor.OSXStandalone.Extensions.dll
Registered in 0.000713 seconds.
Native extension for OSXStandalone target not found
Refreshing native plugins compatible for Editor in 36.08 ms, found 2 plugins.
Preloading 0 native plugins for Editor in 0.00 ms.
Mono: successfully reloaded assembly
- Completed reload, in  0.749 seconds
Domain Reload Profiling:
	ReloadAssembly (749ms)
		BeginReloadAssembly (77ms)
			ExecutionOrderSort (0ms)
			DisableScriptedObjects (0ms)
			BackupInstance (0ms)
			ReleaseScriptingObjects (0ms)
			CreateAndSetChildDomain (1ms)
		EndReloadAssembly (553ms)
			LoadAssemblies (78ms)
			RebuildTransferFunctionScriptingTraits (0ms)
			SetupTypeCache (248ms)
			ReleaseScriptCaches (0ms)
			RebuildScriptCaches (38ms)
			SetupLoadedEditorAssemblies (179ms)
				LogAssemblyErrors (0ms)
				InitializePlatformSupportModulesInManaged (4ms)
				SetLoadedEditorAssemblies (0ms)
				RefreshPlugins (36ms)
				BeforeProcessingInitializeOnLoad (9ms)
				ProcessInitializeOnLoadAttributes (100ms)
				ProcessInitializeOnLoadMethodAttributes (29ms)
				AfterProcessingInitializeOnLoad (0ms)
				EditorAssembliesLoaded (0ms)
			ExecutionOrderSort2 (0ms)
			AwakeInstancesAfterBackupRestoration (0ms)
Platform modules already initialized, skipping
Registering precompiled user dll's ...
Registered in 0.002780 seconds.
Begin MonoManager ReloadAssembly
Native extension for OSXStandalone target not found
Refreshing native plugins compatible for Editor in 0.61 ms, found 2 plugins.
Preloading 0 native plugins for Editor in 0.00 ms.
Mono: successfully reloaded assembly
- Completed reload, in  1.257 seconds
Domain Reload Profiling:
	ReloadAssembly (1258ms)
		BeginReloadAssembly (152ms)
			ExecutionOrderSort (0ms)
			DisableScriptedObjects (5ms)
			BackupInstance (0ms)
			ReleaseScriptingObjects (0ms)
			CreateAndSetChildDomain (29ms)
		EndReloadAssembly (1043ms)
			LoadAssemblies (101ms)
			RebuildTransferFunctionScriptingTraits (0ms)
			SetupTypeCache (392ms)
			ReleaseScriptCaches (0ms)
			RebuildScriptCaches (55ms)
			SetupLoadedEditorAssemblies (376ms)
				LogAssemblyErrors (0ms)
				InitializePlatformSupportModulesInManaged (4ms)
				SetLoadedEditorAssemblies (1ms)
				RefreshPlugins (1ms)
				BeforeProcessingInitializeOnLoad (60ms)
				ProcessInitializeOnLoadAttributes (281ms)
				ProcessInitializeOnLoadMethodAttributes (27ms)
				AfterProcessingInitializeOnLoad (2ms)
				EditorAssembliesLoaded (0ms)
			ExecutionOrderSort2 (0ms)
			AwakeInstancesAfterBackupRestoration (10ms)
Platform modules already initialized, skipping
Validating Project structure ... 0.004074 seconds.
Shader import version has changed; will reimport all shaders...
Upgrading shader files ...0.005326 seconds.
Application.AssetDatabase Initial Script Refresh Start
RefreshInfo: InitialScriptRefreshV2(NoUpdateAssetOptions) scanfilter:  ... 1 filters
RefreshProfiler: Total: 0.000ms
Application.AssetDatabase Initial Script Refresh End
Application.AssetDatabase.Refresh Start
Application.AssetDatabase.Refresh End
RefreshInfo: StopAssetImportingV2(ForceSynchronousImport) scanfilter: 
RefreshProfiler: Total: 0.000ms
Launching external process: /Applications/Unity/Hub/Editor/2020.3.28f1/Unity.app/Contents/Tools/UnityShaderCompiler
Launched and connected shader compiler UnityShaderCompiler after 0.02 seconds
Initializing Unity extensions:
[C# Project] Writing /Users/Alumne_1/Documents/GitHub/TareaAA3_Anna-Serra/SunnyLandProject/SunnyLandProject.sln because it has changed
[C# Project] First difference on line 4

[C# Project] Current /Users/Alumne_1/Documents/GitHub/TareaAA3_Anna-Serra/SunnyLandProject/SunnyLandProject.sln:
[C# Project]   004: Project("{FAE04EC0-301F-11D3-BF4B-00C04F79EFBC}") = "Assembly-CSharp", "Assembly-CSharp.csproj", "{D62F1089-590B-7EB5-1DFC-CB957E7F55C7}"
[C# Project]   005: EndProject
[C# Project]   006: Global
[C# Project]   007: 	GlobalSection(SolutionConfigurationPlatforms) = preSolution
[C# Project]   008: 		Debug|Any CPU = Debug|Any CPU

[C# Project] New /Users/Alumne_1/Documents/GitHub/TareaAA3_Anna-Serra/SunnyLandProject/SunnyLandProject.sln:
[C# Project]   004: Project("{FAE04EC0-301F-11D3-BF4B-00C04F79EFBC}") = "UnityEngine.UI", "UnityEngine.UI.csproj", "{AB247848-2F2B-99D7-48A7-2212F3D7AACC}"
[C# Project]   005: EndProject
[C# Project]   006: Project("{FAE04EC0-301F-11D3-BF4B-00C04F79EFBC}") = "UnityEngine.TestRunner", "UnityEngine.TestRunner.csproj", "{3297C6F4-CD16-D22F-1EF9-D28EFA0C5385}"
[C# Project]   007: EndProject
[C# Project]   008: Project("{FAE04EC0-301F-11D3-BF4B-00C04F79EFBC}") = "UnityEngine.XR.LegacyInputHelpers", "UnityEngine.XR.LegacyInputHelpers.csproj", "{AEA6A03F-0BB8-C995-C25C-18DE307ADB92}"
[C# Project] Writing /Users/Alumne_1/Documents/GitHub/TareaAA3_Anna-Serra/SunnyLandProject/Assembly-CSharp.csproj because it has changed
[C# Project] First difference on line 27

[C# Project] Current /Users/Alumne_1/Documents/GitHub/TareaAA3_Anna-Serra/SunnyLandProject/Assembly-CSharp.csproj:
[C# Project]   027:     <DefineConstants>DEBUG;TRACE;UNITY_2020_3_28;UNITY_2020_3;UNITY_2020;UNITY_5_3_OR_NEWER;UNITY_5_4_OR_NEWER;UNITY_5_5_OR_NEWER;UNITY_5_6_OR_NEWER;UNITY_2017_1_OR_NEWER;UNITY_2017_2_OR_NEWER;UNITY_2017_3_OR_NEWER;UNITY_2017_4_OR_NEWER;UNITY_2018_1_OR_NEWER;UNITY_2018_2_OR_NEWER;UNITY_2018_3_OR_NEWER;UNITY_2018_4_OR_NEWER;UNITY_2019_1_OR_NEWER;UNITY_2019_2_OR_NEWER;UNITY_2019_3_OR_NEWER;UNITY_2019_4_OR_NEWER;UNITY_2020_1_OR_NEWER;UNITY_2020_2_OR_NEWER;UNITY_2020_3_OR_NEWER;PLATFORM_ARCH_64;UNITY_64;UNITY_INCLUDE_TESTS;USE_SEARCH_ENGINE_API;SCENE_TEMPLATE_MODULE;ENABLE_AR;ENABLE_AUDIO;ENABLE_CACHING;ENABLE_CLOTH;ENABLE_MICROPHONE;ENABLE_MULTIPLE_DISPLAYS;ENABLE_PHYSICS;ENABLE_TEXTURE_STREAMING;ENABLE_VIRTUALTEXTURING;ENABLE_UNET;ENABLE_LZMA;ENABLE_UNITYEVENTS;ENABLE_VR;ENABLE_WEBCAM;ENABLE_UNITYWEBREQUEST;ENABLE_WWW;ENABLE_CLOUD_SERVICES;ENABLE_CLOUD_SERVICES_COLLAB;ENABLE_CLOUD_SERVICES_COLLAB_SOFTLOCKS;ENABLE_CLOUD_SERVICES_ADS;ENABLE_CLOUD_SERVICES_USE_WEBREQUEST;ENABLE_CLOUD_SERVICES_CRASH_REPORTING;ENABLE_CLOUD_SERVICES_NATIVE_CRASH_REPORTING;ENABLE_CLOUD_SERVICES_PURCHASING;ENABLE_CLOUD_SERVICES_ANALYTICS;ENABLE_CLOUD_SERVICES_UNET;ENABLE_CLOUD_SERVICES_BUILD;ENABLE_CLOUD_LICENSE;ENABLE_EDITOR_HUB_LICENSE;ENABLE_WEBSOCKET_CLIENT;ENABLE_DIRECTOR_AUDIO;ENABLE_DIRECTOR_TEXTURE;ENABLE_MANAGED_JOBS;ENABLE_MANAGED_TRANSFORM_JOBS;ENABLE_MANAGED_ANIMATION_JOBS;ENABLE_MANAGED_AUDIO_JOBS;ENABLE_MANAGED_UNITYTLS;INCLUDE_DYNAMIC_GI;ENABLE_MONO_BDWGC;ENABLE_SCRIPTING_GC_WBARRIERS;PLATFORM_SUPPORTS_MONO;RENDER_SOFTWARE_CURSOR;ENABLE_VIDEO;PLATFORM_STANDALONE;PLATFORM_STANDALONE_OSX;UNITY_STANDALONE_OSX;UNITY_STANDALONE;ENABLE_GAMECENTER;ENABLE_RUNTIME_GI;ENABLE_MOVIES;ENABLE_NETWORK;ENABLE_CRUNCH_TEXTURE_COMPRESSION;ENABLE_CLUSTER_SYNC;ENABLE_CLUSTERINPUT;ENABLE_SPATIALTRACKING;PLATFORM_UPDATES_TIME_OUTSIDE_OF_PLAYER_LOOP;ENABLE_WEBSOCKET_HOST;ENABLE_MONO;NET_STANDARD_2_0;ENABLE_PROFILER;UNITY_ASSERTIONS;UNITY_EDITOR;UNITY_EDITOR_64;UNITY_EDITOR_OSX;ENABLE_UNITY_COLLECTIONS_CHECKS;ENABLE_BURST_AOT;UNITY_TEAM_LICENSE;UNITY_PRO_LICENSE;ENABLE_CUSTOM_RENDER_TEXTURE;ENABLE_DIRECTOR;ENABLE_LOCALIZATION;ENABLE_SPRITES;ENABLE_TERRAIN;ENABLE_TILEMAP;ENABLE_TIMELINE;ENABLE_LEGACY_INPUT_MANAGER;CSHARP_7_OR_LATER;CSHARP_7_3_OR_NEWER</DefineConstants>
[C# Project]   028:     <ErrorReport>prompt</ErrorReport>
[C# Project]   029:     <WarningLevel>4</WarningLevel>
[C# Project]   030:     <NoWarn>0169</NoWarn>
[C# Project]   031:     <AllowUnsafeBlocks>False</AllowUnsafeBlocks>

[C# Project] New /Users/Alumne_1/Documents/GitHub/TareaAA3_Anna-Serra/SunnyLandProject/Assembly-CSharp.csproj:
[C# Project]   027:     <DefineConstants>DEBUG;TRACE;UNITY_2020_3_28;UNITY_2020_3;UNITY_2020;UNITY_5_3_OR_NEWER;UNITY_5_4_OR_NEWER;UNITY_5_5_OR_NEWER;UNITY_5_6_OR_NEWER;UNITY_2017_1_OR_NEWER;UNITY_2017_2_OR_NEWER;UNITY_2017_3_OR_NEWER;UNITY_2017_4_OR_NEWER;UNITY_2018_1_OR_NEWER;UNITY_2018_2_OR_NEWER;UNITY_2018_3_OR_NEWER;UNITY_2018_4_OR_NEWER;UNITY_2019_1_OR_NEWER;UNITY_2019_2_OR_NEWER;UNITY_2019_3_OR_NEWER;UNITY_2019_4_OR_NEWER;UNITY_2020_1_OR_NEWER;UNITY_2020_2_OR_NEWER;UNITY_2020_3_OR_NEWER;PLATFORM_ARCH_64;UNITY_64;UNITY_INCLUDE_TESTS;USE_SEARCH_ENGINE_API;SCENE_TEMPLATE_MODULE;ENABLE_AR;ENABLE_AUDIO;ENABLE_CACHING;ENABLE_CLOTH;ENABLE_MICROPHONE;ENABLE_MULTIPLE_DISPLAYS;ENABLE_PHYSICS;ENABLE_TEXTURE_STREAMING;ENABLE_VIRTUALTEXTURING;ENABLE_UNET;ENABLE_LZMA;ENABLE_UNITYEVENTS;ENABLE_VR;ENABLE_WEBCAM;ENABLE_UNITYWEBREQUEST;ENABLE_WWW;ENABLE_CLOUD_SERVICES;ENABLE_CLOUD_SERVICES_COLLAB;ENABLE_CLOUD_SERVICES_COLLAB_SOFTLOCKS;ENABLE_CLOUD_SERVICES_ADS;ENABLE_CLOUD_SERVICES_USE_WEBREQUEST;ENABLE_CLOUD_SERVICES_CRASH_REPORTING;ENABLE_CLOUD_SERVICES_NATIVE_CRASH_REPORTING;ENABLE_CLOUD_SERVICES_PURCHASING;ENABLE_CLOUD_SERVICES_ANALYTICS;ENABLE_CLOUD_SERVICES_UNET;ENABLE_CLOUD_SERVICES_BUILD;ENABLE_CLOUD_LICENSE;ENABLE_EDITOR_HUB_LICENSE;ENABLE_WEBSOCKET_CLIENT;ENABLE_DIRECTOR_AUDIO;ENABLE_DIRECTOR_TEXTURE;ENABLE_MANAGED_JOBS;ENABLE_MANAGED_TRANSFORM_JOBS;ENABLE_MANAGED_ANIMATION_JOBS;ENABLE_MANAGED_AUDIO_JOBS;ENABLE_MANAGED_UNITYTLS;INCLUDE_DYNAMIC_GI;ENABLE_MONO_BDWGC;ENABLE_SCRIPTING_GC_WBARRIERS;PLATFORM_SUPPORTS_MONO;RENDER_SOFTWARE_CURSOR;ENABLE_VIDEO;PLATFORM_STANDALONE;PLATFORM_STANDALONE_OSX;UNITY_STANDALONE_OSX;UNITY_STANDALONE;ENABLE_GAMECENTER;ENABLE_RUNTIME_GI;ENABLE_MOVIES;ENABLE_NETWORK;ENABLE_CRUNCH_TEXTURE_COMPRESSION;ENABLE_CLUSTER_SYNC;ENABLE_CLUSTERINPUT;ENABLE_SPATIALTRACKING;PLATFORM_UPDATES_TIME_OUTSIDE_OF_PLAYER_LOOP;ENABLE_WEBSOCKET_HOST;ENABLE_MONO;NET_STANDARD_2_0;ENABLE_PROFILER;UNITY_ASSERTIONS;UNITY_EDITOR;UNITY_EDITOR_64;UNITY_EDITOR_OSX;ENABLE_UNITY_COLLECTIONS_CHECKS;ENABLE_BURST_AOT;UNITY_TEAM_LICENSE;ENABLE_CUSTOM_RENDER_TEXTURE;ENABLE_DIRECTOR;ENABLE_LOCALIZATION;ENABLE_SPRITES;ENABLE_TERRAIN;ENABLE_TILEMAP;ENABLE_TIMELINE;ENABLE_LEGACY_INPUT_MANAGER;CSHARP_7_OR_LATER;CSHARP_7_3_OR_NEWER</DefineConstants>
[C# Project]   028:     <ErrorReport>prompt</ErrorReport>
[C# Project]   029:     <WarningLevel>4</WarningLevel>
[C# Project]   030:     <NoWarn>0169</NoWarn>
[C# Project]   031:     <AllowUnsafeBlocks>False</AllowUnsafeBlocks>
========================================================================
Worker process is ready to serve import requests
Refreshing native plugins compatible for Editor in 0.61 ms, found 2 plugins.
Preloading 0 native plugins for Editor in 0.00 ms.
Unloading 1946 Unused Serialized files (Serialized files now loaded: 0)
System memory in use before: 196.3 MB.
System memory in use after: 195.5 MB.

Unloading 145 unused Assets to reduce memory usage. Loaded Objects now: 2391.
Total: 4.908050 ms (FindLiveObjects: 0.162655 ms CreateObjectMapping: 0.070932 ms MarkObjects: 4.044303 ms  DeleteObjects: 0.628900 ms)

AssetImportParameters requested are different than current active one (requested -> active):
  custom:video-decoder-ogg-theora: a1e56fd34408186e4bbccfd4996cb3dc -> 
  custom:container-muxer-webm: aa71ff27fc2769a1b78a27578f13a17b -> 
  custom:container-demuxer-webm: 4f35f7cbe854078d1ac9338744f61a02 -> 
  custom:container-demuxer-ogg: 62fdf1f143b41e24485cea50d1cbac27 -> 
  custom:video-encoder-webm-vp8: eb34c28f22e8b96e1ab97ce403110664 -> 
  custom:framework-osx-AVFoundation: e770b220cccbd017edd2c1fefb359320 -> 
  custom:video-decoder-webm-vp8: 9c59270c3fd7afecdb556c50c9e8de78 -> 
  custom:audio-decoder-ogg-vorbis: bf7c407c2cedff20999df2af8eb42d56 -> 
  custom:audio-encoder-webm-vorbis: bf7c407c2cedff20999df2af8eb42d56 -> 
========================================================================
Received Import Request.
  path: Assets/Materials
  artifactKey: Guid(9f2f06307f47ba73ab30d570341842d7) Importer(815301076,1909f56bfc062723c751e8b465ee728b)
Start importing Assets/Materials using Guid(9f2f06307f47ba73ab30d570341842d7) Importer(815301076,1909f56bfc062723c751e8b465ee728b)  -> (artifact id: '69c06c9eb880b95ef5844cf36843dc9a') in 0.004108 seconds 
  Import took 0.007283 seconds .

========================================================================
Received Import Request.
  Time since last request: 0.000220 seconds.
  path: Assets/Scripts
  artifactKey: Guid(696a5e4b2688af16a87b27ee05615c44) Importer(815301076,1909f56bfc062723c751e8b465ee728b)
Start importing Assets/Scripts using Guid(696a5e4b2688af16a87b27ee05615c44) Importer(815301076,1909f56bfc062723c751e8b465ee728b)  -> (artifact id: 'c145d623f169a36685873e8a7ddf98e0') in 0.000861 seconds 
  Import took 0.003956 seconds .

========================================================================
Received Import Request.
  Time since last request: 1.382360 seconds.
  path: Assets/Scripts/CharacterController2D.cs
  artifactKey: Guid(d08f91df3bd212f429df17f53ce2f364) Importer(815301076,1909f56bfc062723c751e8b465ee728b)
Start importing Assets/Scripts/CharacterController2D.cs using Guid(d08f91df3bd212f429df17f53ce2f364) Importer(815301076,1909f56bfc062723c751e8b465ee728b)  -> (artifact id: '0b499143cd6730e0d494ccd30cba5ef3') in 0.316711 seconds 
  Import took 0.322390 seconds .

========================================================================
Received Import Request.
  Time since last request: 17.662744 seconds.
  path: Assets/Tiles/tileset-sliced_0.asset
  artifactKey: Guid(62e84a0c42ee0df47be68381936c30c2) Importer(815301076,1909f56bfc062723c751e8b465ee728b)
Start importing Assets/Tiles/tileset-sliced_0.asset using Guid(62e84a0c42ee0df47be68381936c30c2) Importer(815301076,1909f56bfc062723c751e8b465ee728b)  -> (artifact id: '38428493224227993a45a966a3c98e7a') in 0.792746 seconds 
  Import took 0.798156 seconds .

========================================================================
Received Import Request.
  Time since last request: 0.000303 seconds.
  path: Assets/Tiles/tileset-sliced_9.asset
  artifactKey: Guid(730afd075634d0c438df171fc79e2544) Importer(815301076,1909f56bfc062723c751e8b465ee728b)
Start importing Assets/Tiles/tileset-sliced_9.asset using Guid(730afd075634d0c438df171fc79e2544) Importer(815301076,1909f56bfc062723c751e8b465ee728b)  -> (artifact id: 'ae70ecaa8411a3ca28ebd9a064835d2e') in 0.010449 seconds 
  Import took 0.012656 seconds .

========================================================================
Received Import Request.
  Time since last request: 0.000167 seconds.
  path: Assets/Tiles/tileset-sliced_52.asset
  artifactKey: Guid(681ef75bbf5dec543b7dff4eb64c5b87) Importer(815301076,1909f56bfc062723c751e8b465ee728b)
Start importing Assets/Tiles/tileset-sliced_52.asset using Guid(681ef75bbf5dec543b7dff4eb64c5b87) Importer(815301076,1909f56bfc062723c751e8b465ee728b)  -> (artifact id: '682f9041d534fdca9682777018bfe83a') in 0.007224 seconds 
  Import took 0.009674 seconds .

========================================================================
Received Import Request.
  Time since last request: 0.000223 seconds.
  path: Assets/Tiles/tileset-sliced_28.asset
  artifactKey: Guid(d078ef8fd7d553645823a86f7e2fe371) Importer(815301076,1909f56bfc062723c751e8b465ee728b)
Start importing Assets/Tiles/tileset-sliced_28.asset using Guid(d078ef8fd7d553645823a86f7e2fe371) Importer(815301076,1909f56bfc062723c751e8b465ee728b)  -> (artifact id: '393f727ce07d72e156eb8d7018f5d475') in 0.009892 seconds 
  Import took 0.012619 seconds .

========================================================================
Received Import Request.
  Time since last request: 0.000151 seconds.
  path: Assets/Tiles/tileset-sliced_22.asset
  artifactKey: Guid(5e457a418fa377244b5c998dbea7593e) Importer(815301076,1909f56bfc062723c751e8b465ee728b)
Start importing Assets/Tiles/tileset-sliced_22.asset using Guid(5e457a418fa377244b5c998dbea7593e) Importer(815301076,1909f56bfc062723c751e8b465ee728b)  -> (artifact id: 'b4f99b39a610cc63ec384497407c710d') in 0.006799 seconds 
  Import took 0.009039 seconds .

========================================================================
Received Import Request.
  Time since last request: 0.000191 seconds.
  path: Assets/Tiles/tileset-sliced_39.asset
  artifactKey: Guid(36c0a90b292dc3048b3e2e8c031e1c32) Importer(815301076,1909f56bfc062723c751e8b465ee728b)
Start importing Assets/Tiles/tileset-sliced_39.asset using Guid(36c0a90b292dc3048b3e2e8c031e1c32) Importer(815301076,1909f56bfc062723c751e8b465ee728b)  -> (artifact id: '07f4341944e74440ed3df0bc86bd18c0') in 0.006675 seconds 
  Import took 0.008779 seconds .

========================================================================
Received Import Request.
  Time since last request: 0.000204 seconds.
  path: Assets/Tiles/tileset-sliced_33.asset
  artifactKey: Guid(fd35679e7161fb745921c805ae9f7119) Importer(815301076,1909f56bfc062723c751e8b465ee728b)
Start importing Assets/Tiles/tileset-sliced_33.asset using Guid(fd35679e7161fb745921c805ae9f7119) Importer(815301076,1909f56bfc062723c751e8b465ee728b)  -> (artifact id: '81701d8a2d0b7a06e329b0aab5b346a6') in 0.006246 seconds 
  Import took 0.008298 seconds .

========================================================================
Received Import Request.
  Time since last request: 0.000212 seconds.
  path: Assets/Tiles/tileset-sliced_8.asset
  artifactKey: Guid(0c98edca167f30c478e94f56defa5177) Importer(815301076,1909f56bfc062723c751e8b465ee728b)
Start importing Assets/Tiles/tileset-sliced_8.asset using Guid(0c98edca167f30c478e94f56defa5177) Importer(815301076,1909f56bfc062723c751e8b465ee728b)  -> (artifact id: '74341002d6f98e71e6e0d0df99f00936') in 0.008161 seconds 
  Import took 0.010275 seconds .

========================================================================
Received Import Request.
  Time since last request: 0.000167 seconds.
  path: Assets/Tiles/tileset-sliced_15.asset
  artifactKey: Guid(949f939332b961b4a8c474cab1854c23) Importer(815301076,1909f56bfc062723c751e8b465ee728b)
Start importing Assets/Tiles/tileset-sliced_15.asset using Guid(949f939332b961b4a8c474cab1854c23) Importer(815301076,1909f56bfc062723c751e8b465ee728b)  -> (artifact id: 'fc1a78b6b5a6765d24ca46c2129ed0d2') in 0.009061 seconds 
  Import took 0.011530 seconds .

========================================================================
Received Import Request.
  Time since last request: 0.000151 seconds.
  path: Assets/Tiles/tileset-sliced_11.asset
  artifactKey: Guid(e7f6e8292c5358e46bc53973a0425739) Importer(815301076,1909f56bfc062723c751e8b465ee728b)
Start importing Assets/Tiles/tileset-sliced_11.asset using Guid(e7f6e8292c5358e46bc53973a0425739) Importer(815301076,1909f56bfc062723c751e8b465ee728b)  -> (artifact id: '38833eded1a7fbb253ce827aba42e712') in 0.007489 seconds 
  Import took 0.009729 seconds .

========================================================================
Received Import Request.
  Time since last request: 0.000167 seconds.
  path: Assets/Tiles/tileset-sliced_12.asset
  artifactKey: Guid(2b52b1a9945e93846a0f2350a91948c1) Importer(815301076,1909f56bfc062723c751e8b465ee728b)
Start importing Assets/Tiles/tileset-sliced_12.asset using Guid(2b52b1a9945e93846a0f2350a91948c1) Importer(815301076,1909f56bfc062723c751e8b465ee728b)  -> (artifact id: '07050f434648d9043d0d6e4b7c6acfd6') in 0.006527 seconds 
  Import took 0.008683 seconds .

========================================================================
Received Import Request.
  Time since last request: 0.000192 seconds.
  path: Assets/Tiles/tileset-sliced_23.asset
  artifactKey: Guid(2bba053fbe8361545b0dced2dad5189a) Importer(815301076,1909f56bfc062723c751e8b465ee728b)
Start importing Assets/Tiles/tileset-sliced_23.asset using Guid(2bba053fbe8361545b0dced2dad5189a) Importer(815301076,1909f56bfc062723c751e8b465ee728b)  -> (artifact id: '30d768ac0add24d820f6d2681aad4760') in 0.006381 seconds 
  Import took 0.008578 seconds .

========================================================================
Received Import Request.
  Time since last request: 0.000212 seconds.
  path: Assets/Tiles/tileset-sliced_46.asset
  artifactKey: Guid(c5ff019f3ce3e6d48a7e08b4bea12df6) Importer(815301076,1909f56bfc062723c751e8b465ee728b)
Start importing Assets/Tiles/tileset-sliced_46.asset using Guid(c5ff019f3ce3e6d48a7e08b4bea12df6) Importer(815301076,1909f56bfc062723c751e8b465ee728b)  -> (artifact id: '333a1788a28bf8d2076cc240d351f1e1') in 0.007518 seconds 
  Import took 0.010297 seconds .

========================================================================
Received Import Request.
  Time since last request: 0.000250 seconds.
  path: Assets/Tiles/tileset-sliced_43.asset
  artifactKey: Guid(ace306e2001fcb7438c9814d627ced0f) Importer(815301076,1909f56bfc062723c751e8b465ee728b)
Start importing Assets/Tiles/tileset-sliced_43.asset using Guid(ace306e2001fcb7438c9814d627ced0f) Importer(815301076,1909f56bfc062723c751e8b465ee728b)  -> (artifact id: 'dec591636bc932de901a64da1485ccee') in 0.010659 seconds 
  Import took 0.013197 seconds .

========================================================================
Received Import Request.
  Time since last request: 0.000162 seconds.
  path: Assets/Tiles/tileset-sliced_58.asset
  artifactKey: Guid(788fb1129650d6144b8089abf1d158ba) Importer(815301076,1909f56bfc062723c751e8b465ee728b)
Start importing Assets/Tiles/tileset-sliced_58.asset using Guid(788fb1129650d6144b8089abf1d158ba) Importer(815301076,1909f56bfc062723c751e8b465ee728b)  -> (artifact id: '06598a6dc87cb3e2cb564384abafbd74') in 0.007701 seconds 
  Import took 0.009914 seconds .

========================================================================
Received Import Request.
  Time since last request: 0.000161 seconds.
  path: Assets/Tiles/tileset-sliced_10.asset
  artifactKey: Guid(0b6b80bebbd32664aa6ed5feda0a068f) Importer(815301076,1909f56bfc062723c751e8b465ee728b)
Start importing Assets/Tiles/tileset-sliced_10.asset using Guid(0b6b80bebbd32664aa6ed5feda0a068f) Importer(815301076,1909f56bfc062723c751e8b465ee728b)  -> (artifact id: '09ed2d3451a3f2bf9ee84a0b4d298ee8') in 0.006478 seconds 
  Import took 0.008667 seconds .

========================================================================
Received Import Request.
  Time since last request: 0.000201 seconds.
  path: Assets/Tiles/tileset-sliced_60.asset
  artifactKey: Guid(d2dd6431d91e3b14cbedc59cca90ab7f) Importer(815301076,1909f56bfc062723c751e8b465ee728b)
Start importing Assets/Tiles/tileset-sliced_60.asset using Guid(d2dd6431d91e3b14cbedc59cca90ab7f) Importer(815301076,1909f56bfc062723c751e8b465ee728b)  -> (artifact id: '16cee0dd7ee0d421a02c8db7f945093c') in 0.007247 seconds 
  Import took 0.009698 seconds .

========================================================================
Received Import Request.
  Time since last request: 0.000269 seconds.
  path: Assets/Tiles/tileset-sliced_57.asset
  artifactKey: Guid(001c62d32fd16f9469bcd6b33e973ea8) Importer(815301076,1909f56bfc062723c751e8b465ee728b)
Start importing Assets/Tiles/tileset-sliced_57.asset using Guid(001c62d32fd16f9469bcd6b33e973ea8) Importer(815301076,1909f56bfc062723c751e8b465ee728b)  -> (artifact id: '1102acdfc5ec52397f6c243ffff98076') in 0.010814 seconds 
  Import took 0.013720 seconds .

========================================================================
Received Import Request.
  Time since last request: 0.000166 seconds.
  path: Assets/Tiles/tileset-sliced_20.asset
  artifactKey: Guid(014bde528a4f6a545b506002a20dcaee) Importer(815301076,1909f56bfc062723c751e8b465ee728b)
Start importing Assets/Tiles/tileset-sliced_20.asset using Guid(014bde528a4f6a545b506002a20dcaee) Importer(815301076,1909f56bfc062723c751e8b465ee728b)  -> (artifact id: '6c35963bd6fb8f126893c2c21a848f14') in 0.008484 seconds 
  Import took 0.010858 seconds .

========================================================================
Received Import Request.
  Time since last request: 0.000170 seconds.
  path: Assets/Tiles/tileset-sliced_6.asset
  artifactKey: Guid(c0141f106d6ce4c4cb007a354c816308) Importer(815301076,1909f56bfc062723c751e8b465ee728b)
Start importing Assets/Tiles/tileset-sliced_6.asset using Guid(c0141f106d6ce4c4cb007a354c816308) Importer(815301076,1909f56bfc062723c751e8b465ee728b)  -> (artifact id: 'e58441c605bfe33f38d04b908916ccce') in 0.006550 seconds 
  Import took 0.008809 seconds .

========================================================================
Received Import Request.
  Time since last request: 0.000153 seconds.
  path: Assets/Tiles/tileset-sliced_61.asset
  artifactKey: Guid(0bfe928e677905e48a8b3543ebbe5742) Importer(815301076,1909f56bfc062723c751e8b465ee728b)
Start importing Assets/Tiles/tileset-sliced_61.asset using Guid(0bfe928e677905e48a8b3543ebbe5742) Importer(815301076,1909f56bfc062723c751e8b465ee728b)  -> (artifact id: '2eda66823b4fea7cbafe684353ecfdaa') in 0.006269 seconds 
  Import took 0.008481 seconds .

========================================================================
Received Import Request.
  Time since last request: 0.000368 seconds.
  path: Assets/Tiles/tileset-sliced_63.asset
  artifactKey: Guid(3f0ee91c0660c674a9b8db89cf08266b) Importer(815301076,1909f56bfc062723c751e8b465ee728b)
Start importing Assets/Tiles/tileset-sliced_63.asset using Guid(3f0ee91c0660c674a9b8db89cf08266b) Importer(815301076,1909f56bfc062723c751e8b465ee728b)  -> (artifact id: 'b6c3b58945e3da73c5f739b8818c0454') in 0.008623 seconds 
  Import took 0.011192 seconds .

========================================================================
Received Import Request.
  Time since last request: 0.000197 seconds.
  path: Assets/Tiles/tileset-sliced_3.asset
  artifactKey: Guid(f70a2485d6b448c4c8a917978f0b3b39) Importer(815301076,1909f56bfc062723c751e8b465ee728b)
Start importing Assets/Tiles/tileset-sliced_3.asset using Guid(f70a2485d6b448c4c8a917978f0b3b39) Importer(815301076,1909f56bfc062723c751e8b465ee728b)  -> (artifact id: '28c42f13a5f0909b6a53129df7861b6a') in 0.006679 seconds 
  Import took 0.009064 seconds .

========================================================================
Received Import Request.
  Time since last request: 0.000165 seconds.
  path: Assets/Tiles/tileset-sliced_48.asset
  artifactKey: Guid(12f161cedc3ea1747883fc06abde6798) Importer(815301076,1909f56bfc062723c751e8b465ee728b)
Start importing Assets/Tiles/tileset-sliced_48.asset using Guid(12f161cedc3ea1747883fc06abde6798) Importer(815301076,1909f56bfc062723c751e8b465ee728b)  -> (artifact id: 'a6c5bc17ee75b9404e28114b2ab648a0') in 0.012092 seconds 
  Import took 0.014248 seconds .

========================================================================
Received Import Request.
  Time since last request: 0.000202 seconds.
  path: Assets/Tiles/tileset-sliced_21.asset
  artifactKey: Guid(914f30e2b80ce984ca792f80a0423e2c) Importer(815301076,1909f56bfc062723c751e8b465ee728b)
Start importing Assets/Tiles/tileset-sliced_21.asset using Guid(914f30e2b80ce984ca792f80a0423e2c) Importer(815301076,1909f56bfc062723c751e8b465ee728b)  -> (artifact id: '87ebbfa558682761efb8a38809f2edfe') in 0.007067 seconds 
  Import took 0.009236 seconds .

========================================================================
Received Import Request.
  Time since last request: 0.000193 seconds.
  path: Assets/Tiles/tileset-sliced_2.asset
  artifactKey: Guid(cc46f24a7afefd449a6eebfbcc8aeb6a) Importer(815301076,1909f56bfc062723c751e8b465ee728b)
Start importing Assets/Tiles/tileset-sliced_2.asset using Guid(cc46f24a7afefd449a6eebfbcc8aeb6a) Importer(815301076,1909f56bfc062723c751e8b465ee728b)  -> (artifact id: '4ed2d5766473f8dcef5e066bede46a7b') in 0.006441 seconds 
  Import took 0.008562 seconds .

========================================================================
Received Import Request.
  Time since last request: 0.000190 seconds.
  path: Assets/Tiles/tileset-sliced_55.asset
  artifactKey: Guid(b360fc4b4ee4fcc4b924d58be8dfe596) Importer(815301076,1909f56bfc062723c751e8b465ee728b)
Start importing Assets/Tiles/tileset-sliced_55.asset using Guid(b360fc4b4ee4fcc4b924d58be8dfe596) Importer(815301076,1909f56bfc062723c751e8b465ee728b)  -> (artifact id: '510bbbd880005d1b96ec87584dcc56bf') in 0.011617 seconds 
  Import took 0.013875 seconds .

========================================================================
Received Import Request.
  Time since last request: 0.000191 seconds.
  path: Assets/Tiles/tileset-sliced_4.asset
  artifactKey: Guid(fb4eb72c21b9dfc409beb6be3a3f31fa) Importer(815301076,1909f56bfc062723c751e8b465ee728b)
Start importing Assets/Tiles/tileset-sliced_4.asset using Guid(fb4eb72c21b9dfc409beb6be3a3f31fa) Importer(815301076,1909f56bfc062723c751e8b465ee728b)  -> (artifact id: 'df0cbf88c80260b0e71c505835eacf63') in 0.006791 seconds 
  Import took 0.009055 seconds .

========================================================================
Received Import Request.
  Time since last request: 0.000198 seconds.
  path: Assets/Tiles/tileset-sliced_51.asset
  artifactKey: Guid(aca5b40753d9d2b4781a4e0f3a7078b2) Importer(815301076,1909f56bfc062723c751e8b465ee728b)
Start importing Assets/Tiles/tileset-sliced_51.asset using Guid(aca5b40753d9d2b4781a4e0f3a7078b2) Importer(815301076,1909f56bfc062723c751e8b465ee728b)  -> (artifact id: 'd3f9ab014707d7bc58be8702f1c14e40') in 0.006282 seconds 
  Import took 0.008576 seconds .

========================================================================
Received Import Request.
  Time since last request: 0.000229 seconds.
  path: Assets/Tiles/tileset-sliced_14.asset
  artifactKey: Guid(279871b345713b74a99b134f5442b5eb) Importer(815301076,1909f56bfc062723c751e8b465ee728b)
Start importing Assets/Tiles/tileset-sliced_14.asset using Guid(279871b345713b74a99b134f5442b5eb) Importer(815301076,1909f56bfc062723c751e8b465ee728b)  -> (artifact id: 'ebe176fa40d2de6830ba284874af37fe') in 0.006925 seconds 
  Import took 0.009216 seconds .

========================================================================
Received Import Request.
  Time since last request: 0.000226 seconds.
  path: Assets/Tiles/tileset-sliced_26.asset
  artifactKey: Guid(75207c6947e873d4b950f6de94448c8e) Importer(815301076,1909f56bfc062723c751e8b465ee728b)
Start importing Assets/Tiles/tileset-sliced_26.asset using Guid(75207c6947e873d4b950f6de94448c8e) Importer(815301076,1909f56bfc062723c751e8b465ee728b)  -> (artifact id: '0a968b5d82c9d211776bd109f6d0ea7b') in 0.008955 seconds 
  Import took 0.011690 seconds .

========================================================================
Received Import Request.
  Time since last request: 0.000172 seconds.
  path: Assets/Tiles/tileset-sliced_31.asset
  artifactKey: Guid(1c1024a229aa64946aa3608f73f96184) Importer(815301076,1909f56bfc062723c751e8b465ee728b)
Start importing Assets/Tiles/tileset-sliced_31.asset using Guid(1c1024a229aa64946aa3608f73f96184) Importer(815301076,1909f56bfc062723c751e8b465ee728b)  -> (artifact id: 'd1c981b923c002512ceafc9808968fd2') in 0.009810 seconds 
  Import took 0.012163 seconds .

========================================================================
Received Import Request.
  Time since last request: 0.000191 seconds.
  path: Assets/Tiles/tileset-sliced_64.asset
  artifactKey: Guid(cf3f7a0f41a739d4e8d91b58b8a9898f) Importer(815301076,1909f56bfc062723c751e8b465ee728b)
Start importing Assets/Tiles/tileset-sliced_64.asset using Guid(cf3f7a0f41a739d4e8d91b58b8a9898f) Importer(815301076,1909f56bfc062723c751e8b465ee728b)  -> (artifact id: 'b9d077f202739208fcb3575b09cd6edb') in 0.007594 seconds 
  Import took 0.009774 seconds .

========================================================================
Received Import Request.
  Time since last request: 0.000263 seconds.
  path: Assets/Tiles/tileset-sliced_42.asset
  artifactKey: Guid(bde6839cb0eb5e3499ae2117746fae8c) Importer(815301076,1909f56bfc062723c751e8b465ee728b)
Start importing Assets/Tiles/tileset-sliced_42.asset using Guid(bde6839cb0eb5e3499ae2117746fae8c) Importer(815301076,1909f56bfc062723c751e8b465ee728b)  -> (artifact id: 'f4841d6f755f8d4a8a62878c480545f4') in 0.007037 seconds 
  Import took 0.009622 seconds .

========================================================================
Received Import Request.
  Time since last request: 0.000234 seconds.
  path: Assets/Tiles/tileset-sliced_56.asset
  artifactKey: Guid(6072569255de9884aaaafbd4cb6b0a53) Importer(815301076,1909f56bfc062723c751e8b465ee728b)
Start importing Assets/Tiles/tileset-sliced_56.asset using Guid(6072569255de9884aaaafbd4cb6b0a53) Importer(815301076,1909f56bfc062723c751e8b465ee728b)  -> (artifact id: '3ea5f50a7f31d1ba11503e3facbff9e3') in 0.006591 seconds 
  Import took 0.009003 seconds .

========================================================================
Received Import Request.
  Time since last request: 0.000210 seconds.
  path: Assets/Tiles/tileset-sliced_7.asset
  artifactKey: Guid(c5a84d10cd3d6c64eb62922a85d1b3a6) Importer(815301076,1909f56bfc062723c751e8b465ee728b)
Start importing Assets/Tiles/tileset-sliced_7.asset using Guid(c5a84d10cd3d6c64eb62922a85d1b3a6) Importer(815301076,1909f56bfc062723c751e8b465ee728b)  -> (artifact id: '4ec163d590ab22c533e514fcc0b646f0') in 0.006656 seconds 
  Import took 0.009256 seconds .

========================================================================
Received Import Request.
  Time since last request: 0.000238 seconds.
  path: Assets/Tiles/tileset-sliced_62.asset
  artifactKey: Guid(ef51d5180b4dbbe4cbb20a2cc3b89550) Importer(815301076,1909f56bfc062723c751e8b465ee728b)
Start importing Assets/Tiles/tileset-sliced_62.asset using Guid(ef51d5180b4dbbe4cbb20a2cc3b89550) Importer(815301076,1909f56bfc062723c751e8b465ee728b)  -> (artifact id: 'c3031ff131a12baaa0d01a2d347cb26f') in 0.008549 seconds 
  Import took 0.011131 seconds .

========================================================================
Received Import Request.
  Time since last request: 0.000162 seconds.
  path: Assets/Tiles/tileset-sliced_5.asset
  artifactKey: Guid(4e5de91a68ac368478b95e38d2b1220d) Importer(815301076,1909f56bfc062723c751e8b465ee728b)
Start importing Assets/Tiles/tileset-sliced_5.asset using Guid(4e5de91a68ac368478b95e38d2b1220d) Importer(815301076,1909f56bfc062723c751e8b465ee728b)  -> (artifact id: 'e0a4db59bf9354e33ff2b01f7a892ae6') in 0.009173 seconds 
  Import took 0.011623 seconds .

========================================================================
Received Import Request.
  Time since last request: 0.000234 seconds.
  path: Assets/Tiles/tileset-sliced_29.asset
  artifactKey: Guid(a7ed795b167ec6b4fbf615c0031f4f24) Importer(815301076,1909f56bfc062723c751e8b465ee728b)
Start importing Assets/Tiles/tileset-sliced_29.asset using Guid(a7ed795b167ec6b4fbf615c0031f4f24) Importer(815301076,1909f56bfc062723c751e8b465ee728b)  -> (artifact id: 'bf4755a99f3b907c9291f3578a750526') in 0.006581 seconds 
  Import took 0.008960 seconds .

========================================================================
Received Import Request.
  Time since last request: 0.000220 seconds.
  path: Assets/Tiles/tileset-sliced_45.asset
  artifactKey: Guid(32bcf0bea0d3e3f4bb472d34745b119f) Importer(815301076,1909f56bfc062723c751e8b465ee728b)
Start importing Assets/Tiles/tileset-sliced_45.asset using Guid(32bcf0bea0d3e3f4bb472d34745b119f) Importer(815301076,1909f56bfc062723c751e8b465ee728b)  -> (artifact id: 'dcfc7b95cac3b3ec2a57c4a0b80233b3') in 0.006488 seconds 
  Import took 0.009002 seconds .

========================================================================
Received Import Request.
  Time since last request: 0.000268 seconds.
  path: Assets/Tiles/tileset-sliced_1.asset
  artifactKey: Guid(7d839c30e08633a4ea1543423691fb2e) Importer(815301076,1909f56bfc062723c751e8b465ee728b)
Start importing Assets/Tiles/tileset-sliced_1.asset using Guid(7d839c30e08633a4ea1543423691fb2e) Importer(815301076,1909f56bfc062723c751e8b465ee728b)  -> (artifact id: '4e6e5f546a050f80e89bd0490d92c88a') in 0.006765 seconds 
  Import took 0.009039 seconds .

========================================================================
Received Import Request.
  Time since last request: 0.000261 seconds.
  path: Assets/Tiles/tileset-sliced_30.asset
  artifactKey: Guid(1276b6d9425f78e44865ff2a21967671) Importer(815301076,1909f56bfc062723c751e8b465ee728b)
Start importing Assets/Tiles/tileset-sliced_30.asset using Guid(1276b6d9425f78e44865ff2a21967671) Importer(815301076,1909f56bfc062723c751e8b465ee728b)  -> (artifact id: 'ef49fc77148cb5969ff8b04e6ed7c1d2') in 0.006256 seconds 
  Import took 0.008823 seconds .

========================================================================
Received Import Request.
  Time since last request: 0.000188 seconds.
  path: Assets/Tiles/tileset-sliced_54.asset
  artifactKey: Guid(7d55b5ccd9b9d7d40b503fcff301d102) Importer(815301076,1909f56bfc062723c751e8b465ee728b)
Start importing Assets/Tiles/tileset-sliced_54.asset using Guid(7d55b5ccd9b9d7d40b503fcff301d102) Importer(815301076,1909f56bfc062723c751e8b465ee728b)  -> (artifact id: '69b8ffaef9110eb05ee8459a6220c692') in 0.007073 seconds 
  Import took 0.009714 seconds .

========================================================================
Received Import Request.
  Time since last request: 0.000169 seconds.
  path: Assets/Tiles/tileset-sliced_17.asset
  artifactKey: Guid(849486dd16148734382d6131f37f3d4e) Importer(815301076,1909f56bfc062723c751e8b465ee728b)
Start importing Assets/Tiles/tileset-sliced_17.asset using Guid(849486dd16148734382d6131f37f3d4e) Importer(815301076,1909f56bfc062723c751e8b465ee728b)  -> (artifact id: '9bf8ed0fdfbec3ad6a0efd31bb69c11a') in 0.006345 seconds 
  Import took 0.008718 seconds .

========================================================================
Received Import Request.
  Time since last request: 0.000189 seconds.
  path: Assets/Tiles/tileset-sliced_24.asset
  artifactKey: Guid(56edbf502b0b29442a4b60f5f098853d) Importer(815301076,1909f56bfc062723c751e8b465ee728b)
Start importing Assets/Tiles/tileset-sliced_24.asset using Guid(56edbf502b0b29442a4b60f5f098853d) Importer(815301076,1909f56bfc062723c751e8b465ee728b)  -> (artifact id: 'bf17b87b87ce55289befddba04d249d2') in 0.012142 seconds 
  Import took 0.014375 seconds .

========================================================================
Received Import Request.
  Time since last request: 0.000182 seconds.
  path: Assets/Tiles/tileset-sliced_19.asset
  artifactKey: Guid(a5cb0083da5eb88419016e824068328a) Importer(815301076,1909f56bfc062723c751e8b465ee728b)
Start importing Assets/Tiles/tileset-sliced_19.asset using Guid(a5cb0083da5eb88419016e824068328a) Importer(815301076,1909f56bfc062723c751e8b465ee728b)  -> (artifact id: 'f34ff7b36e63f46e5183493d85af6173') in 0.007331 seconds 
  Import took 0.009686 seconds .

========================================================================
Received Import Request.
  Time since last request: 0.000183 seconds.
  path: Assets/Tiles/tileset-sliced_37.asset
  artifactKey: Guid(ba9134c9e8b3fe5458f8004e3f16ebf7) Importer(815301076,1909f56bfc062723c751e8b465ee728b)
Start importing Assets/Tiles/tileset-sliced_37.asset using Guid(ba9134c9e8b3fe5458f8004e3f16ebf7) Importer(815301076,1909f56bfc062723c751e8b465ee728b)  -> (artifact id: '38b4f6b84eb31f6e84479010aa78162c') in 0.008741 seconds 
  Import took 0.011187 seconds .

========================================================================
Received Import Request.
  Time since last request: 0.000166 seconds.
  path: Assets/Tiles/tileset-sliced_32.asset
  artifactKey: Guid(3879794afca8aeb468601d41285416e5) Importer(815301076,1909f56bfc062723c751e8b465ee728b)
Start importing Assets/Tiles/tileset-sliced_32.asset using Guid(3879794afca8aeb468601d41285416e5) Importer(815301076,1909f56bfc062723c751e8b465ee728b)  -> (artifact id: 'e2b5d7781aff4e27493dbbbea0f658fc') in 0.007516 seconds 
  Import took 0.010023 seconds .

========================================================================
Received Import Request.
  Time since last request: 0.000185 seconds.
  path: Assets/Tiles/tileset-sliced_13.asset
  artifactKey: Guid(7cc84dc4bdf507b46b5f51d5b8ca8ff4) Importer(815301076,1909f56bfc062723c751e8b465ee728b)
Start importing Assets/Tiles/tileset-sliced_13.asset using Guid(7cc84dc4bdf507b46b5f51d5b8ca8ff4) Importer(815301076,1909f56bfc062723c751e8b465ee728b)  -> (artifact id: 'a81c6c66ef7cb60aa26d576e978ea878') in 0.007610 seconds 
  Import took 0.009906 seconds .

========================================================================
Received Import Request.
  Time since last request: 0.000207 seconds.
  path: Assets/Tiles/tileset-sliced_38.asset
  artifactKey: Guid(f409560c40c9d1b4cb0534f234419e04) Importer(815301076,1909f56bfc062723c751e8b465ee728b)
Start importing Assets/Tiles/tileset-sliced_38.asset using Guid(f409560c40c9d1b4cb0534f234419e04) Importer(815301076,1909f56bfc062723c751e8b465ee728b)  -> (artifact id: '1087228f0c9af907ed1143fb5fdb16a4') in 0.007095 seconds 
  Import took 0.009255 seconds .

========================================================================
Received Import Request.
  Time since last request: 0.000210 seconds.
  path: Assets/Tiles/tileset-sliced_47.asset
  artifactKey: Guid(b7d318cb458cfe04f9db31866175aa90) Importer(815301076,1909f56bfc062723c751e8b465ee728b)
Start importing Assets/Tiles/tileset-sliced_47.asset using Guid(b7d318cb458cfe04f9db31866175aa90) Importer(815301076,1909f56bfc062723c751e8b465ee728b)  -> (artifact id: '53db2bb119d35203ed9491e187123534') in 0.008114 seconds 
  Import took 0.010356 seconds .

========================================================================
Received Import Request.
  Time since last request: 0.000216 seconds.
  path: Assets/Tiles/tileset-sliced_16.asset
  artifactKey: Guid(a43f420230bbfc64f827907bccebe9e6) Importer(815301076,1909f56bfc062723c751e8b465ee728b)
Start importing Assets/Tiles/tileset-sliced_16.asset using Guid(a43f420230bbfc64f827907bccebe9e6) Importer(815301076,1909f56bfc062723c751e8b465ee728b)  -> (artifact id: 'c91471a46545b62f7a833dc4cc1f4589') in 0.006454 seconds 
  Import took 0.008544 seconds .

========================================================================
Received Import Request.
  Time since last request: 0.000232 seconds.
  path: Assets/Tiles/tileset-sliced_49.asset
  artifactKey: Guid(89c6e21fcc82e7f4bbf42aecf581b884) Importer(815301076,1909f56bfc062723c751e8b465ee728b)
Start importing Assets/Tiles/tileset-sliced_49.asset using Guid(89c6e21fcc82e7f4bbf42aecf581b884) Importer(815301076,1909f56bfc062723c751e8b465ee728b)  -> (artifact id: '7a4db579eb2b30e374debdc498af03be') in 0.006526 seconds 
  Import took 0.008761 seconds .

========================================================================
Received Import Request.
  Time since last request: 0.000220 seconds.
  path: Assets/Tiles/tileset-sliced_18.asset
  artifactKey: Guid(cd6c65aebc4da0b45b7b629819873ad3) Importer(815301076,1909f56bfc062723c751e8b465ee728b)
Start importing Assets/Tiles/tileset-sliced_18.asset using Guid(cd6c65aebc4da0b45b7b629819873ad3) Importer(815301076,1909f56bfc062723c751e8b465ee728b)  -> (artifact id: 'abf4d09ee683d58a4f2ba19dc3cc8564') in 0.006198 seconds 
  Import took 0.008667 seconds .

========================================================================
Received Import Request.
  Time since last request: 0.000224 seconds.
  path: Assets/Tiles/tileset-sliced_40.asset
  artifactKey: Guid(67f7f4d06551daa47a3f5ac6803665f2) Importer(815301076,1909f56bfc062723c751e8b465ee728b)
Start importing Assets/Tiles/tileset-sliced_40.asset using Guid(67f7f4d06551daa47a3f5ac6803665f2) Importer(815301076,1909f56bfc062723c751e8b465ee728b)  -> (artifact id: 'd03c431220e7038b61d5e0ba030e8cb0') in 0.007226 seconds 
  Import took 0.009741 seconds .

========================================================================
Received Import Request.
  Time since last request: 0.000173 seconds.
  path: Assets/Tiles/tileset-sliced_34.asset
  artifactKey: Guid(218c0620db44c0a41b717ce19e85606c) Importer(815301076,1909f56bfc062723c751e8b465ee728b)
Start importing Assets/Tiles/tileset-sliced_34.asset using Guid(218c0620db44c0a41b717ce19e85606c) Importer(815301076,1909f56bfc062723c751e8b465ee728b)  -> (artifact id: '70e317af4755405a59e6d52c5973b35b') in 0.006651 seconds 
  Import took 0.008781 seconds .

========================================================================
Received Import Request.
  Time since last request: 0.000230 seconds.
  path: Assets/Tiles/tileset-sliced_41.asset
  artifactKey: Guid(61126ca3b2c38234abfc21e9d43e027b) Importer(815301076,1909f56bfc062723c751e8b465ee728b)
Start importing Assets/Tiles/tileset-sliced_41.asset using Guid(61126ca3b2c38234abfc21e9d43e027b) Importer(815301076,1909f56bfc062723c751e8b465ee728b)  -> (artifact id: '19cc4d9c60757dc544b9f1f6c68aced5') in 0.006725 seconds 
  Import took 0.008995 seconds .

========================================================================
Received Import Request.
  Time since last request: 0.000204 seconds.
  path: Assets/Tiles/tileset-sliced_35.asset
  artifactKey: Guid(db463e7de71d56a45948dd2e2e88a5fb) Importer(815301076,1909f56bfc062723c751e8b465ee728b)
Start importing Assets/Tiles/tileset-sliced_35.asset using Guid(db463e7de71d56a45948dd2e2e88a5fb) Importer(815301076,1909f56bfc062723c751e8b465ee728b)  -> (artifact id: 'cf2e7eb943c37db7806c57b6e7fe4842') in 0.006800 seconds 
  Import took 0.008961 seconds .

========================================================================
Received Import Request.
  Time since last request: 0.000189 seconds.
  path: Assets/Tiles/tileset-sliced_36.asset
  artifactKey: Guid(76526441b054f6648815ea7d46ea8229) Importer(815301076,1909f56bfc062723c751e8b465ee728b)
Start importing Assets/Tiles/tileset-sliced_36.asset using Guid(76526441b054f6648815ea7d46ea8229) Importer(815301076,1909f56bfc062723c751e8b465ee728b)  -> (artifact id: 'ce63a2dfcac3dc45e1405ec0fb9c4734') in 0.006011 seconds 
  Import took 0.008185 seconds .

========================================================================
Received Import Request.
  Time since last request: 0.000237 seconds.
  path: Assets/Tiles/tileset-sliced_44.asset
  artifactKey: Guid(649b8482ddbd73c49b25a30c178fb639) Importer(815301076,1909f56bfc062723c751e8b465ee728b)
Start importing Assets/Tiles/tileset-sliced_44.asset using Guid(649b8482ddbd73c49b25a30c178fb639) Importer(815301076,1909f56bfc062723c751e8b465ee728b)  -> (artifact id: 'a8e7b0ca1b80bc36bde6b94d74dedefb') in 0.006512 seconds 
  Import took 0.008698 seconds .

========================================================================
Received Import Request.
  Time since last request: 0.000198 seconds.
  path: Assets/Tiles/tileset-sliced_53.asset
  artifactKey: Guid(7bbf608570eb0e144b78a113908d5ff6) Importer(815301076,1909f56bfc062723c751e8b465ee728b)
Start importing Assets/Tiles/tileset-sliced_53.asset using Guid(7bbf608570eb0e144b78a113908d5ff6) Importer(815301076,1909f56bfc062723c751e8b465ee728b)  -> (artifact id: 'd68a0da6e9d5527c417306a99af01be2') in 0.006343 seconds 
  Import took 0.008532 seconds .

========================================================================
Received Import Request.
  Time since last request: 0.000231 seconds.
  path: Assets/Tiles/tileset-sliced_27.asset
  artifactKey: Guid(71bc99f38de041743aec436b3af29a1f) Importer(815301076,1909f56bfc062723c751e8b465ee728b)
Start importing Assets/Tiles/tileset-sliced_27.asset using Guid(71bc99f38de041743aec436b3af29a1f) Importer(815301076,1909f56bfc062723c751e8b465ee728b)  -> (artifact id: 'c2d8376d5fc63c154e30fc610e984157') in 0.015352 seconds 
  Import took 0.017667 seconds .

========================================================================
Received Import Request.
  Time since last request: 0.000159 seconds.
  path: Assets/Tiles/tileset-sliced_50.asset
  artifactKey: Guid(3c3678c86a58ea14a9d7eccb977017a1) Importer(815301076,1909f56bfc062723c751e8b465ee728b)
Start importing Assets/Tiles/tileset-sliced_50.asset using Guid(3c3678c86a58ea14a9d7eccb977017a1) Importer(815301076,1909f56bfc062723c751e8b465ee728b)  -> (artifact id: '8c8ca3d4e1ec587962c8834f25297c7d') in 0.007618 seconds 
  Import took 0.009875 seconds .

========================================================================
Received Import Request.
  Time since last request: 0.000206 seconds.
  path: Assets/Tiles/tileset-sliced_59.asset
  artifactKey: Guid(8e0afc403a1213245b29167c44d28e58) Importer(815301076,1909f56bfc062723c751e8b465ee728b)
Start importing Assets/Tiles/tileset-sliced_59.asset using Guid(8e0afc403a1213245b29167c44d28e58) Importer(815301076,1909f56bfc062723c751e8b465ee728b)  -> (artifact id: '2284856f5bd0e247a9ab78f83f3f72da') in 0.006989 seconds 
  Import took 0.009519 seconds .

========================================================================
Received Import Request.
  Time since last request: 0.000211 seconds.
  path: Assets/Tiles/tileset-sliced_25.asset
  artifactKey: Guid(c7e8eec8a81515546910be70cf50b054) Importer(815301076,1909f56bfc062723c751e8b465ee728b)
Start importing Assets/Tiles/tileset-sliced_25.asset using Guid(c7e8eec8a81515546910be70cf50b054) Importer(815301076,1909f56bfc062723c751e8b465ee728b)  -> (artifact id: '9a6bebc1627c8eead1b77c628b0407bd') in 0.007257 seconds 
  Import took 0.009603 seconds .

========================================================================
Received Import Request.
  Time since last request: 0.141204 seconds.
  path: Assets/Sunnyland/artwork
  artifactKey: Guid(2f17d1e6a207e4d8eb72bd03b1b645ac) Importer(815301076,1909f56bfc062723c751e8b465ee728b)
Start importing Assets/Sunnyland/artwork using Guid(2f17d1e6a207e4d8eb72bd03b1b645ac) Importer(815301076,1909f56bfc062723c751e8b465ee728b)  -> (artifact id: '81a74d76d4688b1d4a5c3a255f24721c') in 0.003734 seconds 
  Import took 0.006235 seconds .

========================================================================
Received Import Request.
  Time since last request: 1.064610 seconds.
  path: Assets/Sunnyland/artwork/Environment
  artifactKey: Guid(7174750bdca91466fa784bba50da49b4) Importer(815301076,1909f56bfc062723c751e8b465ee728b)
Start importing Assets/Sunnyland/artwork/Environment using Guid(7174750bdca91466fa784bba50da49b4) Importer(815301076,1909f56bfc062723c751e8b465ee728b)  -> (artifact id: 'd0206cb2bfe385659083c10b1a15be05') in 0.007464 seconds 
  Import took 0.010293 seconds .

========================================================================
Received Import Request.
  Time since last request: 5.556593 seconds.
  path: Assets/Scenes/Main.unity
  artifactKey: Guid(548efbe8196c7bb41a94d25d70cf82e6) Importer(815301076,1909f56bfc062723c751e8b465ee728b)
Start importing Assets/Scenes/Main.unity using Guid(548efbe8196c7bb41a94d25d70cf82e6) Importer(815301076,1909f56bfc062723c751e8b465ee728b)  -> (artifact id: '375ae4378fce9202311078d1ee733cd1') in 0.001226 seconds 
  Import took 0.003675 seconds .

========================================================================
Received Prepare
Registering precompiled user dll's ...
Registered in 0.002493 seconds.
Begin MonoManager ReloadAssembly
Native extension for OSXStandalone target not found
Refreshing native plugins compatible for Editor in 0.55 ms, found 2 plugins.
Preloading 0 native plugins for Editor in 0.00 ms.
Mono: successfully reloaded assembly
- Completed reload, in  1.051 seconds
Domain Reload Profiling:
	ReloadAssembly (1051ms)
		BeginReloadAssembly (119ms)
			ExecutionOrderSort (0ms)
			DisableScriptedObjects (6ms)
			BackupInstance (0ms)
			ReleaseScriptingObjects (0ms)
			CreateAndSetChildDomain (57ms)
		EndReloadAssembly (870ms)
			LoadAssemblies (75ms)
			RebuildTransferFunctionScriptingTraits (0ms)
			SetupTypeCache (321ms)
			ReleaseScriptCaches (1ms)
			RebuildScriptCaches (50ms)
			SetupLoadedEditorAssemblies (312ms)
				LogAssemblyErrors (0ms)
				InitializePlatformSupportModulesInManaged (4ms)
				SetLoadedEditorAssemblies (1ms)
				RefreshPlugins (1ms)
				BeforeProcessingInitializeOnLoad (96ms)
				ProcessInitializeOnLoadAttributes (194ms)
				ProcessInitializeOnLoadMethodAttributes (14ms)
				AfterProcessingInitializeOnLoad (2ms)
				EditorAssembliesLoaded (0ms)
			ExecutionOrderSort2 (0ms)
			AwakeInstancesAfterBackupRestoration (7ms)
Platform modules already initialized, skipping
Refreshing native plugins compatible for Editor in 0.49 ms, found 2 plugins.
Preloading 0 native plugins for Editor in 0.00 ms.
Unloading 1939 Unused Serialized files (Serialized files now loaded: 0)
System memory in use before: 202.2 MB.
System memory in use after: 202.3 MB.

Unloading 46 unused Assets to reduce memory usage. Loaded Objects now: 2397.
Total: 2.455819 ms (FindLiveObjects: 0.127495 ms CreateObjectMapping: 0.050823 ms MarkObjects: 2.259007 ms  DeleteObjects: 0.018047 ms)

AssetImportParameters requested are different than current active one (requested -> active):
  custom:video-decoder-ogg-theora: a1e56fd34408186e4bbccfd4996cb3dc -> 
  custom:container-muxer-webm: aa71ff27fc2769a1b78a27578f13a17b -> 
  custom:container-demuxer-webm: 4f35f7cbe854078d1ac9338744f61a02 -> 
  custom:container-demuxer-ogg: 62fdf1f143b41e24485cea50d1cbac27 -> 
  custom:video-encoder-webm-vp8: eb34c28f22e8b96e1ab97ce403110664 -> 
  custom:framework-osx-AVFoundation: e770b220cccbd017edd2c1fefb359320 -> 
  custom:video-decoder-webm-vp8: 9c59270c3fd7afecdb556c50c9e8de78 -> 
  custom:audio-decoder-ogg-vorbis: bf7c407c2cedff20999df2af8eb42d56 -> 
  custom:audio-encoder-webm-vorbis: bf7c407c2cedff20999df2af8eb42d56 -> 
========================================================================
Received Import Request.
  Time since last request: 165.452376 seconds.
  path: Assets/Palettes/Platform Palette.prefab
  artifactKey: Guid(94f7bd47609714a42a882b92637f9ca1) Importer(815301076,1909f56bfc062723c751e8b465ee728b)
Start importing Assets/Palettes/Platform Palette.prefab using Guid(94f7bd47609714a42a882b92637f9ca1) Importer(815301076,1909f56bfc062723c751e8b465ee728b)  -> (artifact id: '355c07726decbd702c25c69db657d010') in 0.325800 seconds 
  Import took 0.332847 seconds .

========================================================================
Received Import Request.
  Time since last request: 0.930726 seconds.
  path: Assets/Materials/Slippery.physicsMaterial2D
  artifactKey: Guid(d0056c69a7fd25f439cdb7b26ed3392a) Importer(815301076,1909f56bfc062723c751e8b465ee728b)
Start importing Assets/Materials/Slippery.physicsMaterial2D using Guid(d0056c69a7fd25f439cdb7b26ed3392a) Importer(815301076,1909f56bfc062723c751e8b465ee728b)  -> (artifact id: '33da4fe2f21833879547ac11eb19fc03') in 0.132816 seconds 
  Import took 0.138307 seconds .

========================================================================
Received Prepare
Registering precompiled user dll's ...
Registered in 0.003303 seconds.
Begin MonoManager ReloadAssembly
Native extension for OSXStandalone target not found
Refreshing native plugins compatible for Editor in 0.55 ms, found 2 plugins.
Preloading 0 native plugins for Editor in 0.00 ms.
Mono: successfully reloaded assembly
- Completed reload, in  1.100 seconds
Domain Reload Profiling:
	ReloadAssembly (1101ms)
		BeginReloadAssembly (121ms)
			ExecutionOrderSort (0ms)
			DisableScriptedObjects (6ms)
			BackupInstance (0ms)
			ReleaseScriptingObjects (0ms)
			CreateAndSetChildDomain (58ms)
		EndReloadAssembly (916ms)
			LoadAssemblies (78ms)
			RebuildTransferFunctionScriptingTraits (0ms)
			SetupTypeCache (325ms)
			ReleaseScriptCaches (1ms)
			RebuildScriptCaches (48ms)
			SetupLoadedEditorAssemblies (355ms)
				LogAssemblyErrors (0ms)
				InitializePlatformSupportModulesInManaged (4ms)
				SetLoadedEditorAssemblies (1ms)
				RefreshPlugins (1ms)
				BeforeProcessingInitializeOnLoad (100ms)
				ProcessInitializeOnLoadAttributes (234ms)
				ProcessInitializeOnLoadMethodAttributes (14ms)
				AfterProcessingInitializeOnLoad (1ms)
				EditorAssembliesLoaded (0ms)
			ExecutionOrderSort2 (0ms)
			AwakeInstancesAfterBackupRestoration (7ms)
Platform modules already initialized, skipping
Refreshing native plugins compatible for Editor in 0.47 ms, found 2 plugins.
Preloading 0 native plugins for Editor in 0.00 ms.
Unloading 1939 Unused Serialized files (Serialized files now loaded: 0)
System memory in use before: 210.9 MB.
System memory in use after: 211.0 MB.

Unloading 45 unused Assets to reduce memory usage. Loaded Objects now: 2405.
Total: 2.376938 ms (FindLiveObjects: 0.118674 ms CreateObjectMapping: 0.056994 ms MarkObjects: 2.182553 ms  DeleteObjects: 0.018200 ms)

AssetImportParameters requested are different than current active one (requested -> active):
  custom:video-decoder-ogg-theora: a1e56fd34408186e4bbccfd4996cb3dc -> 
  custom:container-muxer-webm: aa71ff27fc2769a1b78a27578f13a17b -> 
  custom:container-demuxer-webm: 4f35f7cbe854078d1ac9338744f61a02 -> 
  custom:container-demuxer-ogg: 62fdf1f143b41e24485cea50d1cbac27 -> 
  custom:video-encoder-webm-vp8: eb34c28f22e8b96e1ab97ce403110664 -> 
  custom:framework-osx-AVFoundation: e770b220cccbd017edd2c1fefb359320 -> 
  custom:video-decoder-webm-vp8: 9c59270c3fd7afecdb556c50c9e8de78 -> 
  custom:audio-decoder-ogg-vorbis: bf7c407c2cedff20999df2af8eb42d56 -> 
  custom:audio-encoder-webm-vorbis: bf7c407c2cedff20999df2af8eb42d56 -> 
========================================================================
Received Import Request.
  Time since last request: 63.579647 seconds.
  path: Assets/Scenes/NewAudioMixer.mixer
  artifactKey: Guid(6a5b5346be43c4d6e9a2b697b7e05743) Importer(815301076,1909f56bfc062723c751e8b465ee728b)
Start importing Assets/Scenes/NewAudioMixer.mixer using Guid(6a5b5346be43c4d6e9a2b697b7e05743) Importer(815301076,1909f56bfc062723c751e8b465ee728b)  -> (artifact id: '0aa543d1772475df6a598c57a62f1348') in 0.140371 seconds 
  Import took 0.145069 seconds .

========================================================================
Received Import Request.
  Time since last request: 11.363799 seconds.
  path: Assets/Scenes/sounds.mixer
  artifactKey: Guid(6a5b5346be43c4d6e9a2b697b7e05743) Importer(815301076,1909f56bfc062723c751e8b465ee728b)
Start importing Assets/Scenes/sounds.mixer using Guid(6a5b5346be43c4d6e9a2b697b7e05743) Importer(815301076,1909f56bfc062723c751e8b465ee728b)  -> (artifact id: '6aefd9c8275f3d01d415a84a59c843c9') in 0.002531 seconds 
  Import took 0.005445 seconds .

========================================================================
Received Import Request.
  Time since last request: 22.453413 seconds.
  path: Assets
  artifactKey: Guid(00000000000000001000000000000000) Importer(815301076,1909f56bfc062723c751e8b465ee728b)
Start importing Assets using Guid(00000000000000001000000000000000) Importer(815301076,1909f56bfc062723c751e8b465ee728b)  -> (artifact id: '42d402b061de3733987d63b9cc3b64de') in 0.000721 seconds 
  Import took 0.003268 seconds .

========================================================================
Received Import Request.
  Time since last request: 71.670446 seconds.
  path: Assets/Tiles
  artifactKey: Guid(7492a14858f0e9647a67826c35567236) Importer(815301076,1909f56bfc062723c751e8b465ee728b)
Start importing Assets/Tiles using Guid(7492a14858f0e9647a67826c35567236) Importer(815301076,1909f56bfc062723c751e8b465ee728b)  -> (artifact id: '97588fc1a4e3bac01163d8676b919dd0') in 0.000710 seconds 
  Import took 0.003110 seconds .

========================================================================
Received Import Request.
  Time since last request: 41.264161 seconds.
  path: Assets/background.ogg
  artifactKey: Guid(132e246363c5a4262bb3c28552bc4016) Importer(815301076,1909f56bfc062723c751e8b465ee728b)
Start importing Assets/background.ogg using Guid(132e246363c5a4262bb3c28552bc4016) Importer(815301076,1909f56bfc062723c751e8b465ee728b)  -> (artifact id: '9998759d8585ae64fc1f8892e6d057fc') in 0.167928 seconds 
  Import took 0.173508 seconds .

========================================================================
Received Import Request.
  Time since last request: 0.000278 seconds.
  path: Assets/footsteps.ogg
  artifactKey: Guid(71546f6f2c98a4fa4b8b9fe72894abe2) Importer(815301076,1909f56bfc062723c751e8b465ee728b)
Start importing Assets/footsteps.ogg using Guid(71546f6f2c98a4fa4b8b9fe72894abe2) Importer(815301076,1909f56bfc062723c751e8b465ee728b)  -> (artifact id: '1c1201a81714416e885e61b387b294f3') in 0.009921 seconds 
  Import took 0.013238 seconds .

========================================================================
Received Import Request.
  Time since last request: 0.000245 seconds.
  path: Assets/wood_impact.ogg
  artifactKey: Guid(d6ef40a1ad09b4056922fc8fcb1b7d49) Importer(815301076,1909f56bfc062723c751e8b465ee728b)
Start importing Assets/wood_impact.ogg using Guid(d6ef40a1ad09b4056922fc8fcb1b7d49) Importer(815301076,1909f56bfc062723c751e8b465ee728b)  -> (artifact id: '5c62b2055757528378778ddceec411cf') in 0.007559 seconds 
  Import took 0.010520 seconds .

========================================================================
Received Import Request.
  Time since last request: 0.000159 seconds.
  path: Assets/jump.ogg
  artifactKey: Guid(eaa4b42f76c634018b07e2044959e209) Importer(815301076,1909f56bfc062723c751e8b465ee728b)
Start importing Assets/jump.ogg using Guid(eaa4b42f76c634018b07e2044959e209) Importer(815301076,1909f56bfc062723c751e8b465ee728b)  -> (artifact id: '2626914edb29cae41bc35189911b568e') in 0.009546 seconds 
  Import took 0.011939 seconds .

========================================================================
Received Import Request.
  Time since last request: 0.000201 seconds.
  path: Assets/crouch.ogg
  artifactKey: Guid(652d1f77ee25c4b6d82c1edabb564b89) Importer(815301076,1909f56bfc062723c751e8b465ee728b)
Start importing Assets/crouch.ogg using Guid(652d1f77ee25c4b6d82c1edabb564b89) Importer(815301076,1909f56bfc062723c751e8b465ee728b)  -> (artifact id: 'fdab57c02469f4e4da6fe53b6c4c263e') in 0.007378 seconds 
  Import took 0.009722 seconds .

========================================================================
Received Import Request.
  Time since last request: 0.000210 seconds.
  path: Assets/land.ogg
  artifactKey: Guid(217ddf3fb75214685a6a43af473518cc) Importer(815301076,1909f56bfc062723c751e8b465ee728b)
Start importing Assets/land.ogg using Guid(217ddf3fb75214685a6a43af473518cc) Importer(815301076,1909f56bfc062723c751e8b465ee728b)  -> (artifact id: '8c113c3758d4fc0c45f8b8c7dd64d695') in 0.007255 seconds 
  Import took 0.009843 seconds .

========================================================================
Received Import Request.
  Time since last request: 0.000224 seconds.
  path: Assets/wood_rumble.ogg
  artifactKey: Guid(9f2d2a6628c4949088390790676ef6de) Importer(815301076,1909f56bfc062723c751e8b465ee728b)
Start importing Assets/wood_rumble.ogg using Guid(9f2d2a6628c4949088390790676ef6de) Importer(815301076,1909f56bfc062723c751e8b465ee728b)  -> (artifact id: '60a6f53effaaa304ab93065390a130fa') in 0.007665 seconds 
  Import took 0.010244 seconds .

========================================================================
Received Import Request.
  Time since last request: 0.000208 seconds.
  path: Assets/cherry.ogg
  artifactKey: Guid(829750af479604c4dbb53065158a4e52) Importer(815301076,1909f56bfc062723c751e8b465ee728b)
Start importing Assets/cherry.ogg using Guid(829750af479604c4dbb53065158a4e52) Importer(815301076,1909f56bfc062723c751e8b465ee728b)  -> (artifact id: '756ddbe7e1a01560f3fd516b0a40206b') in 0.007638 seconds 
  Import took 0.009882 seconds .

========================================================================
Received Import Request.
  Time since last request: 23.815359 seconds.
  path: Assets/Sounds
  artifactKey: Guid(9d85f1384f6d64f6db8ebcfcb35c627f) Importer(815301076,1909f56bfc062723c751e8b465ee728b)
Start importing Assets/Sounds using Guid(9d85f1384f6d64f6db8ebcfcb35c627f) Importer(815301076,1909f56bfc062723c751e8b465ee728b)  -> (artifact id: '590db4bbe68ae968d1edcf1057674219') in 0.001147 seconds 
  Import took 0.003684 seconds .

========================================================================
Received Import Request.
  Time since last request: 63.744265 seconds.
  path: Assets/Scenes/sounds.mixer
  artifactKey: Guid(6a5b5346be43c4d6e9a2b697b7e05743) Importer(815301076,1909f56bfc062723c751e8b465ee728b)
Start importing Assets/Scenes/sounds.mixer using Guid(6a5b5346be43c4d6e9a2b697b7e05743) Importer(815301076,1909f56bfc062723c751e8b465ee728b)  -> (artifact id: '378ba0001ffb52f1257251a1c2affb7c') in 0.004277 seconds 
  Import took 0.006892 seconds .

========================================================================
Received Import Request.
  Time since last request: 5.595445 seconds.
  path: Assets/Scenes/sounds.mixer
  artifactKey: Guid(6a5b5346be43c4d6e9a2b697b7e05743) Importer(815301076,1909f56bfc062723c751e8b465ee728b)
Start importing Assets/Scenes/sounds.mixer using Guid(6a5b5346be43c4d6e9a2b697b7e05743) Importer(815301076,1909f56bfc062723c751e8b465ee728b)  -> (artifact id: 'fde8791692a4a67233bffc4ab838faf8') in 0.004559 seconds 
  Import took 0.007202 seconds .

========================================================================
Received Prepare
Registering precompiled user dll's ...
Registered in 0.002631 seconds.
Begin MonoManager ReloadAssembly
Native extension for OSXStandalone target not found
Refreshing native plugins compatible for Editor in 0.53 ms, found 2 plugins.
Preloading 0 native plugins for Editor in 0.00 ms.
Mono: successfully reloaded assembly
- Completed reload, in  1.040 seconds
Domain Reload Profiling:
	ReloadAssembly (1040ms)
		BeginReloadAssembly (119ms)
			ExecutionOrderSort (0ms)
			DisableScriptedObjects (6ms)
			BackupInstance (0ms)
			ReleaseScriptingObjects (0ms)
			CreateAndSetChildDomain (58ms)
		EndReloadAssembly (861ms)
			LoadAssemblies (73ms)
			RebuildTransferFunctionScriptingTraits (0ms)
			SetupTypeCache (324ms)
			ReleaseScriptCaches (1ms)
			RebuildScriptCaches (50ms)
			SetupLoadedEditorAssemblies (305ms)
				LogAssemblyErrors (0ms)
				InitializePlatformSupportModulesInManaged (4ms)
				SetLoadedEditorAssemblies (1ms)
				RefreshPlugins (1ms)
				BeforeProcessingInitializeOnLoad (93ms)
				ProcessInitializeOnLoadAttributes (191ms)
				ProcessInitializeOnLoadMethodAttributes (15ms)
				AfterProcessingInitializeOnLoad (1ms)
				EditorAssembliesLoaded (0ms)
			ExecutionOrderSort2 (0ms)
			AwakeInstancesAfterBackupRestoration (7ms)
Platform modules already initialized, skipping
Refreshing native plugins compatible for Editor in 0.46 ms, found 2 plugins.
Preloading 0 native plugins for Editor in 0.00 ms.
Unloading 1939 Unused Serialized files (Serialized files now loaded: 0)
System memory in use before: 219.4 MB.
System memory in use after: 219.5 MB.

Unloading 45 unused Assets to reduce memory usage. Loaded Objects now: 2410.
Total: 2.404855 ms (FindLiveObjects: 0.111376 ms CreateObjectMapping: 0.049176 ms MarkObjects: 2.225328 ms  DeleteObjects: 0.018430 ms)

AssetImportParameters requested are different than current active one (requested -> active):
  custom:video-decoder-ogg-theora: a1e56fd34408186e4bbccfd4996cb3dc -> 
  custom:container-muxer-webm: aa71ff27fc2769a1b78a27578f13a17b -> 
  custom:container-demuxer-webm: 4f35f7cbe854078d1ac9338744f61a02 -> 
  custom:container-demuxer-ogg: 62fdf1f143b41e24485cea50d1cbac27 -> 
  custom:video-encoder-webm-vp8: eb34c28f22e8b96e1ab97ce403110664 -> 
  custom:framework-osx-AVFoundation: e770b220cccbd017edd2c1fefb359320 -> 
  custom:video-decoder-webm-vp8: 9c59270c3fd7afecdb556c50c9e8de78 -> 
  custom:audio-decoder-ogg-vorbis: bf7c407c2cedff20999df2af8eb42d56 -> 
  custom:audio-encoder-webm-vorbis: bf7c407c2cedff20999df2af8eb42d56 -> 
========================================================================
Received Import Request.
  Time since last request: 116.585880 seconds.
  path: Assets/Scenes/sounds.mixer
  artifactKey: Guid(6a5b5346be43c4d6e9a2b697b7e05743) Importer(815301076,1909f56bfc062723c751e8b465ee728b)
Start importing Assets/Scenes/sounds.mixer using Guid(6a5b5346be43c4d6e9a2b697b7e05743) Importer(815301076,1909f56bfc062723c751e8b465ee728b)  -> (artifact id: '8d1a85e9fecca3b7bfc749abad84f592') in 0.018401 seconds 
  Import took 0.021530 seconds .

========================================================================
Received Import Request.
  Time since last request: 12.201766 seconds.
  path: Assets/Scenes/sounds.mixer
  artifactKey: Guid(6a5b5346be43c4d6e9a2b697b7e05743) Importer(815301076,1909f56bfc062723c751e8b465ee728b)
Start importing Assets/Scenes/sounds.mixer using Guid(6a5b5346be43c4d6e9a2b697b7e05743) Importer(815301076,1909f56bfc062723c751e8b465ee728b)  -> (artifact id: '84536a9fc04507b3e90ca01fab7698a8') in 0.004470 seconds 
  Import took 0.007526 seconds .

========================================================================
Received Import Request.
  Time since last request: 1.519001 seconds.
  path: Assets/Scenes/sounds.mixer
  artifactKey: Guid(6a5b5346be43c4d6e9a2b697b7e05743) Importer(815301076,1909f56bfc062723c751e8b465ee728b)
Start importing Assets/Scenes/sounds.mixer using Guid(6a5b5346be43c4d6e9a2b697b7e05743) Importer(815301076,1909f56bfc062723c751e8b465ee728b)  -> (artifact id: '60eaf4e2244558940b9183df3b312c57') in 0.004121 seconds 
  Import took 0.006585 seconds .

========================================================================
Received Import Request.
  Time since last request: 9.101697 seconds.
  path: Assets/Scenes/sounds.mixer
  artifactKey: Guid(6a5b5346be43c4d6e9a2b697b7e05743) Importer(815301076,1909f56bfc062723c751e8b465ee728b)
Start importing Assets/Scenes/sounds.mixer using Guid(6a5b5346be43c4d6e9a2b697b7e05743) Importer(815301076,1909f56bfc062723c751e8b465ee728b)  -> (artifact id: '4214297d76f8204ae7229c55b41fdf36') in 0.004335 seconds 
  Import took 0.006825 seconds .

========================================================================
Received Import Request.
  Time since last request: 16.328271 seconds.
  path: Assets/Scenes/sounds.mixer
  artifactKey: Guid(6a5b5346be43c4d6e9a2b697b7e05743) Importer(815301076,1909f56bfc062723c751e8b465ee728b)
Start importing Assets/Scenes/sounds.mixer using Guid(6a5b5346be43c4d6e9a2b697b7e05743) Importer(815301076,1909f56bfc062723c751e8b465ee728b)  -> (artifact id: '17148b1f24a865c844f693aa4720ed15') in 0.004267 seconds 
  Import took 0.007063 seconds .

========================================================================
Received Import Request.
  Time since last request: 4.675920 seconds.
  path: Assets/Scenes/sounds.mixer
  artifactKey: Guid(6a5b5346be43c4d6e9a2b697b7e05743) Importer(815301076,1909f56bfc062723c751e8b465ee728b)
Start importing Assets/Scenes/sounds.mixer using Guid(6a5b5346be43c4d6e9a2b697b7e05743) Importer(815301076,1909f56bfc062723c751e8b465ee728b)  -> (artifact id: '13d215d3c5c98c6eea0ecbed5a551ecd') in 0.004283 seconds 
  Import took 0.006786 seconds .

========================================================================
Received Import Request.
  Time since last request: 58.349942 seconds.
  path: Assets/Scenes/sounds.mixer
  artifactKey: Guid(6a5b5346be43c4d6e9a2b697b7e05743) Importer(815301076,1909f56bfc062723c751e8b465ee728b)
Start importing Assets/Scenes/sounds.mixer using Guid(6a5b5346be43c4d6e9a2b697b7e05743) Importer(815301076,1909f56bfc062723c751e8b465ee728b)  -> (artifact id: '780178b76c09bead068deed2588ae34d') in 0.004486 seconds 
  Import took 0.007190 seconds .

========================================================================
Received Import Request.
  Time since last request: 93.832538 seconds.
  path: Assets/Scripts/PlayerAudioController.cs
  artifactKey: Guid(ff38c26450a52ed05a8b19784be5ec09) Importer(815301076,1909f56bfc062723c751e8b465ee728b)
Start importing Assets/Scripts/PlayerAudioController.cs using Guid(ff38c26450a52ed05a8b19784be5ec09) Importer(815301076,1909f56bfc062723c751e8b465ee728b)  -> (artifact id: '0107c2d479dee82e11299c76e45c66f9') in 0.003430 seconds 
  Import took 0.005927 seconds .

========================================================================
Received Prepare
Registering precompiled user dll's ...
Registered in 0.002546 seconds.
Begin MonoManager ReloadAssembly
Native extension for OSXStandalone target not found
Refreshing native plugins compatible for Editor in 0.53 ms, found 2 plugins.
Preloading 0 native plugins for Editor in 0.00 ms.
Mono: successfully reloaded assembly
- Completed reload, in  1.052 seconds
Domain Reload Profiling:
	ReloadAssembly (1052ms)
		BeginReloadAssembly (113ms)
			ExecutionOrderSort (0ms)
			DisableScriptedObjects (6ms)
			BackupInstance (0ms)
			ReleaseScriptingObjects (0ms)
			CreateAndSetChildDomain (52ms)
		EndReloadAssembly (880ms)
			LoadAssemblies (72ms)
			RebuildTransferFunctionScriptingTraits (0ms)
			SetupTypeCache (328ms)
			ReleaseScriptCaches (1ms)
			RebuildScriptCaches (49ms)
			SetupLoadedEditorAssemblies (316ms)
				LogAssemblyErrors (0ms)
				InitializePlatformSupportModulesInManaged (4ms)
				SetLoadedEditorAssemblies (0ms)
				RefreshPlugins (1ms)
				BeforeProcessingInitializeOnLoad (93ms)
				ProcessInitializeOnLoadAttributes (202ms)
				ProcessInitializeOnLoadMethodAttributes (15ms)
				AfterProcessingInitializeOnLoad (1ms)
				EditorAssembliesLoaded (0ms)
			ExecutionOrderSort2 (0ms)
			AwakeInstancesAfterBackupRestoration (7ms)
Platform modules already initialized, skipping
Refreshing native plugins compatible for Editor in 0.50 ms, found 2 plugins.
Preloading 0 native plugins for Editor in 0.00 ms.
Unloading 1939 Unused Serialized files (Serialized files now loaded: 0)
System memory in use before: 219.6 MB.
System memory in use after: 219.7 MB.

Unloading 45 unused Assets to reduce memory usage. Loaded Objects now: 2412.
Total: 2.403670 ms (FindLiveObjects: 0.112561 ms CreateObjectMapping: 0.052969 ms MarkObjects: 2.219525 ms  DeleteObjects: 0.018149 ms)

AssetImportParameters requested are different than current active one (requested -> active):
  custom:video-decoder-ogg-theora: a1e56fd34408186e4bbccfd4996cb3dc -> 
  custom:container-muxer-webm: aa71ff27fc2769a1b78a27578f13a17b -> 
  custom:container-demuxer-webm: 4f35f7cbe854078d1ac9338744f61a02 -> 
  custom:container-demuxer-ogg: 62fdf1f143b41e24485cea50d1cbac27 -> 
  custom:video-encoder-webm-vp8: eb34c28f22e8b96e1ab97ce403110664 -> 
  custom:framework-osx-AVFoundation: e770b220cccbd017edd2c1fefb359320 -> 
  custom:video-decoder-webm-vp8: 9c59270c3fd7afecdb556c50c9e8de78 -> 
  custom:audio-decoder-ogg-vorbis: bf7c407c2cedff20999df2af8eb42d56 -> 
  custom:audio-encoder-webm-vorbis: bf7c407c2cedff20999df2af8eb42d56 -> 
AssetImportWorkerClient::OnTransportError - code=2 error=End of file
